I, [2021-07-17T20:36:49.223673 #70482]  INFO -- : Registered expected interaction GET /dogs
D, [2021-07-17T20:36:49.223845 #70482] DEBUG -- : {
  "description": "a request for dogs",
  "providerState": "i have a list of dogs",
  "request": {
    "method": "GET",
    "path": "/dogs",
    "headers": {
      "Accept": "application/json"
    }
  },
  "response": {
    "status": 200,
    "headers": {
    },
    "body": {
      "code": 0
    }
  },
  "metadata": null
}
W, [2021-07-17T20:36:49.398262 #70482]  WARN -- : Verifying - actual interactions do not match expected interactions. 
Missing requests:
	GET /dogs



W, [2021-07-17T20:36:49.398319 #70482]  WARN -- : Missing requests:
	GET /dogs



I, [2021-07-17T20:36:49.435249 #70482]  INFO -- : Cleared interactions
W, [2021-07-17T20:36:49.448181 #70482]  WARN -- : Could not load existing consumer contract from /Users/chenjianfang/study/apitest/pact/pact-js/examples/jest/pact/pacts/jest_consumer_example-jest_provider_example.json due to 757: unexpected token at 'null'. Creating a new file.
E, [2021-07-17T20:36:49.448235 #70482] ERROR -- : 757: unexpected token at 'null' (JSON::ParserError)
/Users/chenjianfang/study/apitest/pact/pact-js/examples/jest/node_modules/@pact-foundation/pact-node/standalone/darwin-1.88.49/pact/lib/vendor/ruby/2.2.0/gems/json-2.5.1/lib/json/common.rb:216:in `parse'
/Users/chenjianfang/study/apitest/pact/pact-js/examples/jest/node_modules/@pact-foundation/pact-node/standalone/darwin-1.88.49/pact/lib/vendor/ruby/2.2.0/gems/json-2.5.1/lib/json/common.rb:216:in `parse'
/Users/chenjianfang/study/apitest/pact/pact-js/examples/jest/node_modules/@pact-foundation/pact-node/standalone/darwin-1.88.49/pact/lib/vendor/ruby/2.2.0/gems/json-2.5.1/lib/json/common.rb:569:in `load'
/Users/chenjianfang/study/apitest/pact/pact-js/examples/jest/node_modules/@pact-foundation/pact-node/standalone/darwin-1.88.49/pact/lib/vendor/ruby/2.2.0/gems/pact-support-1.16.7/lib/pact/consumer_contract/consumer_contract.rb:51:in `from_json'
/Users/chenjianfang/study/apitest/pact/pact-js/examples/jest/node_modules/@pact-foundation/pact-node/standalone/darwin-1.88.49/pact/lib/vendor/ruby/2.2.0/gems/pact-mock_service-3.8.0/lib/pact/consumer_contract/consumer_contract_writer.rb:122:in `existing_consumer_contract'
/Users/chenjianfang/study/apitest/pact/pact-js/examples/jest/node_modules/@pact-foundation/pact-node/standalone/darwin-1.88.49/pact/lib/vendor/ruby/2.2.0/gems/pact-mock_service-3.8.0/lib/pact/consumer_contract/consumer_contract_writer.rb:98:in `existing_interactions'
/Users/chenjianfang/study/apitest/pact/pact-js/examples/jest/node_modules/@pact-foundation/pact-node/standalone/darwin-1.88.49/pact/lib/vendor/ruby/2.2.0/gems/pact-mock_service-3.8.0/lib/pact/consumer_contract/consumer_contract_writer.rb:85:in `interactions_for_new_consumer_contract'
/Users/chenjianfang/study/apitest/pact/pact-js/examples/jest/node_modules/@pact-foundation/pact-node/standalone/darwin-1.88.49/pact/lib/vendor/ruby/2.2.0/gems/pact-mock_service-3.8.0/lib/pact/consumer_contract/consumer_contract_writer.rb:37:in `consumer_contract'
/Users/chenjianfang/study/apitest/pact/pact-js/examples/jest/node_modules/@pact-foundation/pact-node/standalone/darwin-1.88.49/pact/lib/vendor/ruby/2.2.0/gems/pact-mock_service-3.8.0/lib/pact/consumer_contract/consumer_contract_writer.rb:80:in `decorated_pact'
/Users/chenjianfang/study/apitest/pact/pact-js/examples/jest/node_modules/@pact-foundation/pact-node/standalone/darwin-1.88.49/pact/lib/vendor/ruby/2.2.0/gems/pact-mock_service-3.8.0/lib/pact/consumer_contract/consumer_contract_writer.rb:76:in `pact_json'
/Users/chenjianfang/study/apitest/pact/pact-js/examples/jest/node_modules/@pact-foundation/pact-node/standalone/darwin-1.88.49/pact/lib/vendor/ruby/2.2.0/gems/pact-mock_service-3.8.0/lib/pact/consumer_contract/consumer_contract_writer.rb:42:in `write'
/Users/chenjianfang/study/apitest/pact/pact-js/examples/jest/node_modules/@pact-foundation/pact-node/standalone/darwin-1.88.49/pact/lib/vendor/ruby/2.2.0/gems/pact-mock_service-3.8.0/lib/pact/mock_service/request_handlers/pact_post.rb:33:in `respond'
/Users/chenjianfang/study/apitest/pact/pact-js/examples/jest/node_modules/@pact-foundation/pact-node/standalone/darwin-1.88.49/pact/lib/vendor/ruby/2.2.0/gems/pact-mock_service-3.8.0/lib/pact/mock_service/request_handlers/base_request_handler.rb:17:in `call'
/Users/chenjianfang/study/apitest/pact/pact-js/examples/jest/node_modules/@pact-foundation/pact-node/standalone/darwin-1.88.49/pact/lib/vendor/ruby/2.2.0/gems/rack-2.1.4/lib/rack/cascade.rb:35:in `block in call'
/Users/chenjianfang/study/apitest/pact/pact-js/examples/jest/node_modules/@pact-foundation/pact-node/standalone/darwin-1.88.49/pact/lib/vendor/ruby/2.2.0/gems/rack-2.1.4/lib/rack/cascade.rb:26:in `each'
/Users/chenjianfang/study/apitest/pact/pact-js/examples/jest/node_modules/@pact-foundation/pact-node/standalone/darwin-1.88.49/pact/lib/vendor/ruby/2.2.0/gems/rack-2.1.4/lib/rack/cascade.rb:26:in `call'
/Users/chenjianfang/study/apitest/pact/pact-js/examples/jest/node_modules/@pact-foundation/pact-node/standalone/darwin-1.88.49/pact/lib/vendor/ruby/2.2.0/gems/pact-mock_service-3.8.0/lib/pact/consumer/mock_service/cors_origin_header_middleware.rb:11:in `call'
/Users/chenjianfang/study/apitest/pact/pact-js/examples/jest/node_modules/@pact-foundation/pact-node/standalone/darwin-1.88.49/pact/lib/vendor/ruby/2.2.0/gems/pact-mock_service-3.8.0/lib/pact/consumer/mock_service/error_handler.rb:13:in `call'
/Users/chenjianfang/study/apitest/pact/pact-js/examples/jest/node_modules/@pact-foundation/pact-node/standalone/darwin-1.88.49/pact/lib/vendor/ruby/2.2.0/gems/pact-mock_service-3.8.0/lib/pact/mock_service/app.rb:34:in `call'
/Users/chenjianfang/study/apitest/pact/pact-js/examples/jest/node_modules/@pact-foundation/pact-node/standalone/darwin-1.88.49/pact/lib/vendor/ruby/2.2.0/gems/pact-mock_service-3.8.0/lib/pact/consumer/mock_service/set_location.rb:14:in `call'
/Users/chenjianfang/study/apitest/pact/pact-js/examples/jest/node_modules/@pact-foundation/pact-node/standalone/darwin-1.88.49/pact/lib/vendor/ruby/2.2.0/gems/rack-2.1.4/lib/rack/handler/webrick.rb:88:in `service'
/Users/chenjianfang/study/apitest/pact/pact-js/examples/jest/node_modules/@pact-foundation/pact-node/standalone/darwin-1.88.49/pact/lib/vendor/ruby/2.2.0/gems/webrick-1.3.1/lib/webrick/httpserver.rb:138:in `service'
/Users/chenjianfang/study/apitest/pact/pact-js/examples/jest/node_modules/@pact-foundation/pact-node/standalone/darwin-1.88.49/pact/lib/vendor/ruby/2.2.0/gems/webrick-1.3.1/lib/webrick/httpserver.rb:94:in `run'
/Users/chenjianfang/study/apitest/pact/pact-js/examples/jest/node_modules/@pact-foundation/pact-node/standalone/darwin-1.88.49/pact/lib/vendor/ruby/2.2.0/gems/webrick-1.3.1/lib/webrick/server.rb:191:in `block in start_thread'
E, [2021-07-17T20:36:49.448367 #70482] ERROR -- : ["/Users/chenjianfang/study/apitest/pact/pact-js/examples/jest/node_modules/@pact-foundation/pact-node/standalone/darwin-1.88.49/pact/lib/vendor/ruby/2.2.0/gems/json-2.5.1/lib/json/common.rb:216:in `parse'", "/Users/chenjianfang/study/apitest/pact/pact-js/examples/jest/node_modules/@pact-foundation/pact-node/standalone/darwin-1.88.49/pact/lib/vendor/ruby/2.2.0/gems/json-2.5.1/lib/json/common.rb:216:in `parse'", "/Users/chenjianfang/study/apitest/pact/pact-js/examples/jest/node_modules/@pact-foundation/pact-node/standalone/darwin-1.88.49/pact/lib/vendor/ruby/2.2.0/gems/json-2.5.1/lib/json/common.rb:569:in `load'", "/Users/chenjianfang/study/apitest/pact/pact-js/examples/jest/node_modules/@pact-foundation/pact-node/standalone/darwin-1.88.49/pact/lib/vendor/ruby/2.2.0/gems/pact-support-1.16.7/lib/pact/consumer_contract/consumer_contract.rb:51:in `from_json'", "/Users/chenjianfang/study/apitest/pact/pact-js/examples/jest/node_modules/@pact-foundation/pact-node/standalone/darwin-1.88.49/pact/lib/vendor/ruby/2.2.0/gems/pact-mock_service-3.8.0/lib/pact/consumer_contract/consumer_contract_writer.rb:122:in `existing_consumer_contract'", "/Users/chenjianfang/study/apitest/pact/pact-js/examples/jest/node_modules/@pact-foundation/pact-node/standalone/darwin-1.88.49/pact/lib/vendor/ruby/2.2.0/gems/pact-mock_service-3.8.0/lib/pact/consumer_contract/consumer_contract_writer.rb:98:in `existing_interactions'", "/Users/chenjianfang/study/apitest/pact/pact-js/examples/jest/node_modules/@pact-foundation/pact-node/standalone/darwin-1.88.49/pact/lib/vendor/ruby/2.2.0/gems/pact-mock_service-3.8.0/lib/pact/consumer_contract/consumer_contract_writer.rb:85:in `interactions_for_new_consumer_contract'", "/Users/chenjianfang/study/apitest/pact/pact-js/examples/jest/node_modules/@pact-foundation/pact-node/standalone/darwin-1.88.49/pact/lib/vendor/ruby/2.2.0/gems/pact-mock_service-3.8.0/lib/pact/consumer_contract/consumer_contract_writer.rb:37:in `consumer_contract'", "/Users/chenjianfang/study/apitest/pact/pact-js/examples/jest/node_modules/@pact-foundation/pact-node/standalone/darwin-1.88.49/pact/lib/vendor/ruby/2.2.0/gems/pact-mock_service-3.8.0/lib/pact/consumer_contract/consumer_contract_writer.rb:80:in `decorated_pact'", "/Users/chenjianfang/study/apitest/pact/pact-js/examples/jest/node_modules/@pact-foundation/pact-node/standalone/darwin-1.88.49/pact/lib/vendor/ruby/2.2.0/gems/pact-mock_service-3.8.0/lib/pact/consumer_contract/consumer_contract_writer.rb:76:in `pact_json'", "/Users/chenjianfang/study/apitest/pact/pact-js/examples/jest/node_modules/@pact-foundation/pact-node/standalone/darwin-1.88.49/pact/lib/vendor/ruby/2.2.0/gems/pact-mock_service-3.8.0/lib/pact/consumer_contract/consumer_contract_writer.rb:42:in `write'", "/Users/chenjianfang/study/apitest/pact/pact-js/examples/jest/node_modules/@pact-foundation/pact-node/standalone/darwin-1.88.49/pact/lib/vendor/ruby/2.2.0/gems/pact-mock_service-3.8.0/lib/pact/mock_service/request_handlers/pact_post.rb:33:in `respond'", "/Users/chenjianfang/study/apitest/pact/pact-js/examples/jest/node_modules/@pact-foundation/pact-node/standalone/darwin-1.88.49/pact/lib/vendor/ruby/2.2.0/gems/pact-mock_service-3.8.0/lib/pact/mock_service/request_handlers/base_request_handler.rb:17:in `call'", "/Users/chenjianfang/study/apitest/pact/pact-js/examples/jest/node_modules/@pact-foundation/pact-node/standalone/darwin-1.88.49/pact/lib/vendor/ruby/2.2.0/gems/rack-2.1.4/lib/rack/cascade.rb:35:in `block in call'", "/Users/chenjianfang/study/apitest/pact/pact-js/examples/jest/node_modules/@pact-foundation/pact-node/standalone/darwin-1.88.49/pact/lib/vendor/ruby/2.2.0/gems/rack-2.1.4/lib/rack/cascade.rb:26:in `each'", "/Users/chenjianfang/study/apitest/pact/pact-js/examples/jest/node_modules/@pact-foundation/pact-node/standalone/darwin-1.88.49/pact/lib/vendor/ruby/2.2.0/gems/rack-2.1.4/lib/rack/cascade.rb:26:in `call'", "/Users/chenjianfang/study/apitest/pact/pact-js/examples/jest/node_modules/@pact-foundation/pact-node/standalone/darwin-1.88.49/pact/lib/vendor/ruby/2.2.0/gems/pact-mock_service-3.8.0/lib/pact/consumer/mock_service/cors_origin_header_middleware.rb:11:in `call'", "/Users/chenjianfang/study/apitest/pact/pact-js/examples/jest/node_modules/@pact-foundation/pact-node/standalone/darwin-1.88.49/pact/lib/vendor/ruby/2.2.0/gems/pact-mock_service-3.8.0/lib/pact/consumer/mock_service/error_handler.rb:13:in `call'", "/Users/chenjianfang/study/apitest/pact/pact-js/examples/jest/node_modules/@pact-foundation/pact-node/standalone/darwin-1.88.49/pact/lib/vendor/ruby/2.2.0/gems/pact-mock_service-3.8.0/lib/pact/mock_service/app.rb:34:in `call'", "/Users/chenjianfang/study/apitest/pact/pact-js/examples/jest/node_modules/@pact-foundation/pact-node/standalone/darwin-1.88.49/pact/lib/vendor/ruby/2.2.0/gems/pact-mock_service-3.8.0/lib/pact/consumer/mock_service/set_location.rb:14:in `call'", "/Users/chenjianfang/study/apitest/pact/pact-js/examples/jest/node_modules/@pact-foundation/pact-node/standalone/darwin-1.88.49/pact/lib/vendor/ruby/2.2.0/gems/rack-2.1.4/lib/rack/handler/webrick.rb:88:in `service'", "/Users/chenjianfang/study/apitest/pact/pact-js/examples/jest/node_modules/@pact-foundation/pact-node/standalone/darwin-1.88.49/pact/lib/vendor/ruby/2.2.0/gems/webrick-1.3.1/lib/webrick/httpserver.rb:138:in `service'", "/Users/chenjianfang/study/apitest/pact/pact-js/examples/jest/node_modules/@pact-foundation/pact-node/standalone/darwin-1.88.49/pact/lib/vendor/ruby/2.2.0/gems/webrick-1.3.1/lib/webrick/httpserver.rb:94:in `run'", "/Users/chenjianfang/study/apitest/pact/pact-js/examples/jest/node_modules/@pact-foundation/pact-node/standalone/darwin-1.88.49/pact/lib/vendor/ruby/2.2.0/gems/webrick-1.3.1/lib/webrick/server.rb:191:in `block in start_thread'"]
